# JRE version: OpenJDK Runtime Environment (8.0_152-b02) (build 1.8.0_152-release-1024-b02)
# Java VM: OpenJDK 64-Bit Server VM (25.152-b02 mixed mode windows-amd64 compressed oops)
Heap:
 PSYoungGen      total 107008K, used 41752K [0x00000000e0000000, 0x00000000e9d00000, 0x0000000100000000)
  eden space 93184K, 33% used [0x00000000e0000000,0x00000000e1ed6f10,0x00000000e5b00000)
  from space 13824K, 73% used [0x00000000e5b00000,0x00000000e64ef2f8,0x00000000e6880000)
  to   space 13312K, 0% used [0x00000000e9000000,0x00000000e9000000,0x00000000e9d00000)
 ParOldGen       total 105984K, used 18836K [0x00000000a0000000, 0x00000000a6780000, 0x00000000e0000000)
  object space 105984K, 17% used [0x00000000a0000000,0x00000000a1265188,0x00000000a6780000)
 Metaspace       used 44547K, capacity 45580K, committed 45824K, reserved 1089536K
  class space    used 6041K, capacity 6366K, committed 6400K, reserved 1048576K
GC Heap History (10 events):
Event: 5.225 GC heap before
{Heap before GC invocations=5 (full 1):
 PSYoungGen      total 76288K, used 65536K [0x00000000e0000000, 0x00000000e5500000, 0x0000000100000000)
  eden space 65536K, 100% used [0x00000000e0000000,0x00000000e4000000,0x00000000e4000000)
  from space 10752K, 0% used [0x00000000e4000000,0x00000000e4000000,0x00000000e4a80000)
  to   space 10752K, 0% used [0x00000000e4a80000,0x00000000e4a80000,0x00000000e5500000)
 ParOldGen       total 105984K, used 8640K [0x00000000a0000000, 0x00000000a6780000, 0x00000000e0000000)
  object space 105984K, 8% used [0x00000000a0000000,0x00000000a0870320,0x00000000a6780000)
 Metaspace       used 26419K, capacity 26988K, committed 27136K, reserved 1073152K
  class space    used 3633K, capacity 3809K, committed 3840K, reserved 1048576K
Event: 5.229 GC heap after
Heap after GC invocations=5 (full 1):
 PSYoungGen      total 76288K, used 6784K [0x00000000e0000000, 0x00000000e7400000, 0x0000000100000000)
  eden space 65536K, 0% used [0x00000000e0000000,0x00000000e0000000,0x00000000e4000000)
  from space 10752K, 63% used [0x00000000e4a80000,0x00000000e51201e8,0x00000000e5500000)
  to   space 10752K, 0% used [0x00000000e4000000,0x00000000e4000000,0x00000000e4a80000)
 ParOldGen       total 105984K, used 8648K [0x00000000a0000000, 0x00000000a6780000, 0x00000000e0000000)
  object space 105984K, 8% used [0x00000000a0000000,0x00000000a0872320,0x00000000a6780000)
 Metaspace       used 26419K, capacity 26988K, committed 27136K, reserved 1073152K
  class space    used 3633K, capacity 3809K, committed 3840K, reserved 1048576K
}
Event: 6.495 GC heap before
{Heap before GC invocations=6 (full 1):
 PSYoungGen      total 76288K, used 72320K [0x00000000e0000000, 0x00000000e7400000, 0x0000000100000000)
  eden space 65536K, 100% used [0x00000000e0000000,0x00000000e4000000,0x00000000e4000000)
  from space 10752K, 63% used [0x00000000e4a80000,0x00000000e51201e8,0x00000000e5500000)
  to   space 10752K, 0% used [0x00000000e4000000,0x00000000e4000000,0x00000000e4a80000)
 ParOldGen       total 105984K, used 8648K [0x00000000a0000000, 0x00000000a6780000, 0x00000000e0000000)
  object space 105984K, 8% used [0x00000000a0000000,0x00000000a0872320,0x00000000a6780000)
 Metaspace       used 30261K, capacity 30908K, committed 31104K, reserved 1075200K
  class space    used 4257K, capacity 4453K, committed 4480K, reserved 1048576K
Event: 6.501 GC heap after
Heap after GC invocations=6 (full 1):
 PSYoungGen      total 76288K, used 10134K [0x00000000e0000000, 0x00000000e7480000, 0x0000000100000000)
  eden space 65536K, 0% used [0x00000000e0000000,0x00000000e0000000,0x00000000e4000000)
  from space 10752K, 94% used [0x00000000e4000000,0x00000000e49e5ad8,0x00000000e4a80000)
  to   space 12288K, 0% used [0x00000000e6880000,0x00000000e6880000,0x00000000e7480000)
 ParOldGen       total 105984K, used 8656K [0x00000000a0000000, 0x00000000a6780000, 0x00000000e0000000)
  object space 105984K, 8% used [0x00000000a0000000,0x00000000a0874320,0x00000000a6780000)
 Metaspace       used 30261K, capacity 30908K, committed 31104K, reserved 1075200K
  class space    used 4257K, capacity 4453K, committed 4480K, reserved 1048576K
}
Event: 7.420 GC heap before
{Heap before GC invocations=7 (full 1):
 PSYoungGen      total 76288K, used 52892K [0x00000000e0000000, 0x00000000e7480000, 0x0000000100000000)
  eden space 65536K, 65% used [0x00000000e0000000,0x00000000e29c1748,0x00000000e4000000)
  from space 10752K, 94% used [0x00000000e4000000,0x00000000e49e5ad8,0x00000000e4a80000)
  to   space 12288K, 0% used [0x00000000e6880000,0x00000000e6880000,0x00000000e7480000)
 ParOldGen       total 105984K, used 8656K [0x00000000a0000000, 0x00000000a6780000, 0x00000000e0000000)
  object space 105984K, 8% used [0x00000000a0000000,0x00000000a0874320,0x00000000a6780000)
 Metaspace       used 34394K, capacity 35220K, committed 35416K, reserved 1079296K
  class space    used 4740K, capacity 4994K, committed 5120K, reserved 1048576K
Event: 7.431 GC heap after
Heap after GC invocations=7 (full 1):
 PSYoungGen      total 105472K, used 12172K [0x00000000e0000000, 0x00000000e7880000, 0x0000000100000000)
  eden space 93184K, 0% used [0x00000000e0000000,0x00000000e0000000,0x00000000e5b00000)
  from space 12288K, 99% used [0x00000000e6880000,0x00000000e7463220,0x00000000e7480000)
  to   space 13824K, 0% used [0x00000000e5b00000,0x00000000e5b00000,0x00000000e6880000)
 ParOldGen       total 105984K, used 8664K [0x00000000a0000000, 0x00000000a6780000, 0x00000000e0000000)
  object space 105984K, 8% used [0x00000000a0000000,0x00000000a0876320,0x00000000a6780000)
 Metaspace       used 34394K, capacity 35220K, committed 35416K, reserved 1079296K
  class space    used 4740K, capacity 4994K, committed 5120K, reserved 1048576K
}
Event: 7.431 GC heap before
{Heap before GC invocations=8 (full 2):
 PSYoungGen      total 105472K, used 12172K [0x00000000e0000000, 0x00000000e7880000, 0x0000000100000000)
  eden space 93184K, 0% used [0x00000000e0000000,0x00000000e0000000,0x00000000e5b00000)
  from space 12288K, 99% used [0x00000000e6880000,0x00000000e7463220,0x00000000e7480000)
  to   space 13824K, 0% used [0x00000000e5b00000,0x00000000e5b00000,0x00000000e6880000)
 ParOldGen       total 105984K, used 8664K [0x00000000a0000000, 0x00000000a6780000, 0x00000000e0000000)
  object space 105984K, 8% used [0x00000000a0000000,0x00000000a0876320,0x00000000a6780000)
 Metaspace       used 34394K, capacity 35220K, committed 35416K, reserved 1079296K
  class space    used 4740K, capacity 4994K, committed 5120K, reserved 1048576K
Event: 7.479 GC heap after
Heap after GC invocations=8 (full 2):
 PSYoungGen      total 105472K, used 0K [0x00000000e0000000, 0x00000000e7880000, 0x0000000100000000)
  eden space 93184K, 0% used [0x00000000e0000000,0x00000000e0000000,0x00000000e5b00000)
  from space 12288K, 0% used [0x00000000e6880000,0x00000000e6880000,0x00000000e7480000)
  to   space 13824K, 0% used [0x00000000e5b00000,0x00000000e5b00000,0x00000000e6880000)
 ParOldGen       total 105984K, used 18828K [0x00000000a0000000, 0x00000000a6780000, 0x00000000e0000000)
  object space 105984K, 17% used [0x00000000a0000000,0x00000000a1263188,0x00000000a6780000)
 Metaspace       used 34371K, capacity 35132K, committed 35416K, reserved 1079296K
  class space    used 4733K, capacity 4986K, committed 5120K, reserved 1048576K
}
Event: 8.374 GC heap before
{Heap before GC invocations=9 (full 2):
 PSYoungGen      total 105472K, used 93184K [0x00000000e0000000, 0x00000000e7880000, 0x0000000100000000)
  eden space 93184K, 100% used [0x00000000e0000000,0x00000000e5b00000,0x00000000e5b00000)
  from space 12288K, 0% used [0x00000000e6880000,0x00000000e6880000,0x00000000e7480000)
  to   space 13824K, 0% used [0x00000000e5b00000,0x00000000e5b00000,0x00000000e6880000)
 ParOldGen       total 105984K, used 18828K [0x00000000a0000000, 0x00000000a6780000, 0x00000000e0000000)
  object space 105984K, 17% used [0x00000000a0000000,0x00000000a1263188,0x00000000a6780000)
 Metaspace       used 42172K, capacity 43036K, committed 43392K, reserved 1087488K
  class space    used 5693K, capacity 5959K, committed 6016K, reserved 1048576K
Event: 8.384 GC heap after
Heap after GC invocations=9 (full 2):
 PSYoungGen      total 107008K, used 10172K [0x00000000e0000000, 0x00000000e9d00000, 0x0000000100000000)
  eden space 93184K, 0% used [0x00000000e0000000,0x00000000e0000000,0x00000000e5b00000)
  from space 13824K, 73% used [0x00000000e5b00000,0x00000000e64ef2f8,0x00000000e6880000)
  to   space 13312K, 0% used [0x00000000e9000000,0x00000000e9000000,0x00000000e9d00000)
 ParOldGen       total 105984K, used 18836K [0x00000000a0000000, 0x00000000a6780000, 0x00000000e0000000)
  object space 105984K, 17% used [0x00000000a0000000,0x00000000a1265188,0x00000000a6780000)
 Metaspace       used 42172K, capacity 43036K, committed 43392K, reserved 1087488K
  class space    used 5693K, capacity 5959K, committed 6016K, reserved 1048576K
}

